[2024-05-23 21:18:56] [ INFO ] [PacienteDAOH2:120] iniciando la busqueda por email: german@german.com
[2024-05-23 21:18:57] [ ERROR] [PacienteDAOH2:141] Table "PACIENTES" not found (this database is empty); SQL statement:
SELECT * FROM PACIENTES WHERE EMAIL=? [42104-214]
[2024-05-23 21:24:46] [ INFO ] [PacienteDAOH2:120] iniciando la busqueda por email: german@german.com
[2024-05-23 21:24:46] [ ERROR] [PacienteDAOH2:141] Table "PACIENTES" not found (this database is empty); SQL statement:
SELECT * FROM PACIENTES WHERE EMAIL=? [42104-214]
[2024-05-23 21:25:24] [ WARN ] [BD:44] Error de Sintaxis en sentencia SQL "CREATE TABLE PACIENTES (ID INT AUTO_INCREMENT PRIMARY KEY, NOMBRE VARCHAR(100) NOT NULL, APELLIDO VARCHAR(100) NOT NULL, CEDULA VARCHAR(100) NOT NULL, FECHA_INGRESO DATE NOT NULL, DOMICILIO_ID INT NOT NULL, EMAIL VARCHAR(100) NOT NULL)[*], ODONTOLOGO_ID INT NOT NULL"
Syntax error in SQL statement "CREATE TABLE PACIENTES (ID INT AUTO_INCREMENT PRIMARY KEY, NOMBRE VARCHAR(100) NOT NULL, APELLIDO VARCHAR(100) NOT NULL, CEDULA VARCHAR(100) NOT NULL, FECHA_INGRESO DATE NOT NULL, DOMICILIO_ID INT NOT NULL, EMAIL VARCHAR(100) NOT NULL)[*], ODONTOLOGO_ID INT NOT NULL"; SQL statement:
CREATE TABLE PACIENTES (ID INT AUTO_INCREMENT PRIMARY KEY, NOMBRE VARCHAR(100) NOT NULL, APELLIDO VARCHAR(100) NOT NULL, CEDULA VARCHAR(100) NOT NULL, FECHA_INGRESO DATE NOT NULL, DOMICILIO_ID INT NOT NULL, EMAIL VARCHAR(100) NOT NULL), ODONTOLOGO_ID INT NOT NULL [42000-214]
[2024-05-23 21:25:24] [ INFO ] [Cliente:16] Guardando un odontologo en H2
[2024-05-23 21:25:24] [ INFO ] [OdontologoDAOH2:20] Iniciando la operacion de guardado de un odontologo
[2024-05-23 21:25:24] [ ERROR] [OdontologoDAOH2:35] Tabla "ODONTOLOGOS" no encontrada
Table "ODONTOLOGOS" not found; SQL statement:
INSERT INTO ODONTOLOGOS (ID,NOMBRE,APELLIDO,MATRICULA) VALUES (?,?,?,?) [42102-214]
[2024-05-23 21:25:24] [ INFO ] [Cliente:22] Iniciando Buscar Todos en H2
[2024-05-23 21:25:24] [ INFO ] [OdontologoDAOH2:43] Buscando todos los odontologos
[2024-05-23 21:25:24] [ ERROR] [OdontologoDAOH2:55] Tabla "ODONTOLOGOS" no encontrada
Table "ODONTOLOGOS" not found; SQL statement:
SELECT * FROM ODONTOLOGOS [42102-214]
[2024-05-23 21:25:24] [ INFO ] [Cliente:25] Iniciando Buscar Paciente por email
[2024-05-23 21:25:24] [ INFO ] [PacienteDAOH2:120] iniciando la busqueda por email: german@german.com
[2024-05-23 21:25:24] [ ERROR] [PacienteDAOH2:141] Tabla "PACIENTES" no encontrada
Table "PACIENTES" not found; SQL statement:
SELECT * FROM PACIENTES WHERE EMAIL=? [42102-214]
[2024-05-23 21:26:38] [ WARN ] [BD:45] Error de Sintaxis en sentencia SQL "CREATE TABLE PACIENTES (ID INT AUTO_INCREMENT PRIMARY KEY, NOMBRE VARCHAR(100) NOT NULL, APELLIDO VARCHAR(100) NOT NULL, CEDULA VARCHAR(100) NOT NULL, FECHA_INGRESO DATE NOT NULL, DOMICILIO_ID INT NOT NULL, EMAIL VARCHAR(100) NOT NULL)[*], ODONTOLOGO_ID INT NOT NULL"
Syntax error in SQL statement "CREATE TABLE PACIENTES (ID INT AUTO_INCREMENT PRIMARY KEY, NOMBRE VARCHAR(100) NOT NULL, APELLIDO VARCHAR(100) NOT NULL, CEDULA VARCHAR(100) NOT NULL, FECHA_INGRESO DATE NOT NULL, DOMICILIO_ID INT NOT NULL, EMAIL VARCHAR(100) NOT NULL)[*], ODONTOLOGO_ID INT NOT NULL"; SQL statement:
CREATE TABLE PACIENTES (ID INT AUTO_INCREMENT PRIMARY KEY, NOMBRE VARCHAR(100) NOT NULL, APELLIDO VARCHAR(100) NOT NULL, CEDULA VARCHAR(100) NOT NULL, FECHA_INGRESO DATE NOT NULL, DOMICILIO_ID INT NOT NULL, EMAIL VARCHAR(100) NOT NULL), ODONTOLOGO_ID INT NOT NULL [42000-214]
[2024-05-23 21:26:38] [ INFO ] [Cliente:16] Guardando un odontologo en H2
[2024-05-23 21:26:38] [ INFO ] [OdontologoDAOH2:20] Iniciando la operacion de guardado de un odontologo
[2024-05-23 21:26:38] [ ERROR] [OdontologoDAOH2:35] Tabla "ODONTOLOGOS" no encontrada
Table "ODONTOLOGOS" not found; SQL statement:
INSERT INTO ODONTOLOGOS (ID,NOMBRE,APELLIDO,MATRICULA) VALUES (?,?,?,?) [42102-214]
[2024-05-23 21:26:38] [ INFO ] [Cliente:22] Iniciando Buscar Todos en H2
[2024-05-23 21:26:38] [ INFO ] [OdontologoDAOH2:43] Buscando todos los odontologos
[2024-05-23 21:26:38] [ ERROR] [OdontologoDAOH2:55] Tabla "ODONTOLOGOS" no encontrada
Table "ODONTOLOGOS" not found; SQL statement:
SELECT * FROM ODONTOLOGOS [42102-214]
[2024-05-23 21:26:38] [ INFO ] [Cliente:25] Iniciando Buscar Paciente por email
[2024-05-23 21:26:38] [ INFO ] [PacienteDAOH2:120] iniciando la busqueda por email: german@german.com
[2024-05-23 21:26:38] [ ERROR] [PacienteDAOH2:141] Tabla "PACIENTES" no encontrada
Table "PACIENTES" not found; SQL statement:
SELECT * FROM PACIENTES WHERE EMAIL=? [42102-214]
[2024-05-23 21:27:23] [ WARN ] [BD:46] Error de Sintaxis en sentencia SQL "CREATE TABLE PACIENTES (ID INT AUTO_INCREMENT PRIMARY KEY, NOMBRE VARCHAR(100) NOT NULL, APELLIDO VARCHAR(100) NOT NULL, CEDULA VARCHAR(100) NOT NULL, FECHA_INGRESO DATE NOT NULL, DOMICILIO_ID INT NOT NULL, EMAIL VARCHAR(100) NOT NULL)[*], ODONTOLOGO_ID INT NOT NULL"
Syntax error in SQL statement "CREATE TABLE PACIENTES (ID INT AUTO_INCREMENT PRIMARY KEY, NOMBRE VARCHAR(100) NOT NULL, APELLIDO VARCHAR(100) NOT NULL, CEDULA VARCHAR(100) NOT NULL, FECHA_INGRESO DATE NOT NULL, DOMICILIO_ID INT NOT NULL, EMAIL VARCHAR(100) NOT NULL)[*], ODONTOLOGO_ID INT NOT NULL"; SQL statement:
CREATE TABLE PACIENTES (ID INT AUTO_INCREMENT PRIMARY KEY, NOMBRE VARCHAR(100) NOT NULL, APELLIDO VARCHAR(100) NOT NULL, CEDULA VARCHAR(100) NOT NULL, FECHA_INGRESO DATE NOT NULL, DOMICILIO_ID INT NOT NULL, EMAIL VARCHAR(100) NOT NULL), ODONTOLOGO_ID INT NOT NULL [42000-214]
[2024-05-23 21:27:23] [ INFO ] [Cliente:16] Guardando un odontologo en H2
[2024-05-23 21:27:23] [ INFO ] [OdontologoDAOH2:20] Iniciando la operacion de guardado de un odontologo
[2024-05-23 21:27:23] [ INFO ] [OdontologoDAOH2:31] Odontologo guardado con éxito
[2024-05-23 21:27:23] [ INFO ] [Cliente:22] Iniciando Buscar Todos en H2
[2024-05-23 21:27:23] [ INFO ] [OdontologoDAOH2:43] Buscando todos los odontologos
[2024-05-23 21:27:24] [ INFO ] [OdontologoDAOH2:51] ID: 4 Nombre: Juan Apellido: Perez Matricula: 12345678
[2024-05-23 21:27:24] [ INFO ] [Cliente:25] Iniciando Buscar Paciente por email
[2024-05-23 21:27:24] [ INFO ] [PacienteDAOH2:120] iniciando la busqueda por email: german@german.com
[2024-05-23 21:27:24] [ ERROR] [PacienteDAOH2:141] Tabla "PACIENTES" no encontrada
Table "PACIENTES" not found; SQL statement:
SELECT * FROM PACIENTES WHERE EMAIL=? [42102-214]
[2024-05-23 21:28:49] [ WARN ] [BD:46] Error de Sintaxis en sentencia SQL "CREATE TABLE PACIENTES (ID INT AUTO_INCREMENT PRIMARY KEY, NOMBRE VARCHAR(100) NOT NULL, APELLIDO VARCHAR(100) NOT NULL, CEDULA VARCHAR(100) NOT NULL, FECHA_INGRESO DATE NOT NULL, DOMICILIO_ID INT NOT NULL, EMAIL VARCHAR(100) NOT NULL)[*], ODONTOLOGO_ID INT NOT NULL"
Syntax error in SQL statement "CREATE TABLE PACIENTES (ID INT AUTO_INCREMENT PRIMARY KEY, NOMBRE VARCHAR(100) NOT NULL, APELLIDO VARCHAR(100) NOT NULL, CEDULA VARCHAR(100) NOT NULL, FECHA_INGRESO DATE NOT NULL, DOMICILIO_ID INT NOT NULL, EMAIL VARCHAR(100) NOT NULL)[*], ODONTOLOGO_ID INT NOT NULL"; SQL statement:
CREATE TABLE PACIENTES (ID INT AUTO_INCREMENT PRIMARY KEY, NOMBRE VARCHAR(100) NOT NULL, APELLIDO VARCHAR(100) NOT NULL, CEDULA VARCHAR(100) NOT NULL, FECHA_INGRESO DATE NOT NULL, DOMICILIO_ID INT NOT NULL, EMAIL VARCHAR(100) NOT NULL), ODONTOLOGO_ID INT NOT NULL [42000-214]
[2024-05-23 21:28:49] [ INFO ] [Cliente:16] Guardando un odontologo en H2
[2024-05-23 21:28:49] [ INFO ] [OdontologoDAOH2:20] Iniciando la operacion de guardado de un odontologo
[2024-05-23 21:28:49] [ INFO ] [OdontologoDAOH2:31] Odontologo guardado con éxito
[2024-05-23 21:28:49] [ INFO ] [Cliente:22] Iniciando Buscar Todos en H2
[2024-05-23 21:28:49] [ INFO ] [OdontologoDAOH2:43] Buscando todos los odontologos
[2024-05-23 21:28:49] [ INFO ] [OdontologoDAOH2:51] ID: 4 Nombre: Juan Apellido: Perez Matricula: 12345678
[2024-05-23 21:28:49] [ INFO ] [Cliente:25] Iniciando Buscar Paciente por email
[2024-05-23 21:28:49] [ INFO ] [PacienteDAOH2:120] iniciando la busqueda por email: german@german.com
[2024-05-23 21:28:49] [ ERROR] [PacienteDAOH2:141] Tabla "PACIENTES" no encontrada
Table "PACIENTES" not found; SQL statement:
SELECT * FROM PACIENTES WHERE EMAIL=? [42102-214]
[2024-05-23 21:30:29] [ WARN ] [BD:46] La cantidad de columnas no coincide
Column count does not match; SQL statement:
INSERT INTO PACIENTES (NOMBRE, APELLIDO, CEDULA, FECHA_INGRESO, DOMICILIO_ID, EMAIL) VALUES ('Jorgito','Pereyra','111111','2024-05-16', 1,'jorge.pereyra@digitalhouse.com',1), ('German','Fraire','22222','2024-05-10',2,'german@german.com',2); INSERT INTO DOMICILIOS  (CALLE, NUMERO, LOCALIDAD, PROVINCIA) VALUES ('Siempre Viva',742,'Springfield','USA'),('Av. Uruguay',345,'Punta del Este','Uruguay') [21002-214]
[2024-05-23 21:30:29] [ INFO ] [Cliente:16] Guardando un odontologo en H2
[2024-05-23 21:30:29] [ INFO ] [OdontologoDAOH2:20] Iniciando la operacion de guardado de un odontologo
[2024-05-23 21:30:29] [ INFO ] [OdontologoDAOH2:31] Odontologo guardado con éxito
[2024-05-23 21:30:29] [ INFO ] [Cliente:22] Iniciando Buscar Todos en H2
[2024-05-23 21:30:29] [ INFO ] [OdontologoDAOH2:43] Buscando todos los odontologos
[2024-05-23 21:30:29] [ INFO ] [OdontologoDAOH2:51] ID: 4 Nombre: Juan Apellido: Perez Matricula: 12345678
[2024-05-23 21:30:29] [ INFO ] [Cliente:25] Iniciando Buscar Paciente por email
[2024-05-23 21:30:29] [ INFO ] [PacienteDAOH2:120] iniciando la busqueda por email: german@german.com
[2024-05-23 21:31:01] [ WARN ] [BD:46] La cantidad de columnas no coincide
Column count does not match; SQL statement:
INSERT INTO PACIENTES (NOMBRE, APELLIDO, CEDULA, FECHA_INGRESO, DOMICILIO_ID, EMAIL) VALUES ('Jorgito','Pereyra','111111','2024-05-16', 1,'jorge.pereyra@digitalhouse.com',1), ('German','Fraire','22222','2024-05-10',2,'german@german.com',2); INSERT INTO DOMICILIOS  (CALLE, NUMERO, LOCALIDAD, PROVINCIA) VALUES ('Siempre Viva',742,'Springfield','USA'),('Av. Uruguay',345,'Punta del Este','Uruguay') [21002-214]
[2024-05-23 21:31:01] [ INFO ] [Cliente:16] Guardando un odontologo en H2
[2024-05-23 21:31:01] [ INFO ] [OdontologoDAOH2:20] Iniciando la operacion de guardado de un odontologo
[2024-05-23 21:31:01] [ INFO ] [OdontologoDAOH2:31] Odontologo guardado con éxito
[2024-05-23 21:31:01] [ INFO ] [Cliente:22] Iniciando Buscar Todos en H2
[2024-05-23 21:31:01] [ INFO ] [OdontologoDAOH2:43] Buscando todos los odontologos
[2024-05-23 21:31:01] [ INFO ] [OdontologoDAOH2:51] ID: 4 Nombre: Juan Apellido: Perez Matricula: 12345678
[2024-05-23 21:31:01] [ INFO ] [Cliente:25] Iniciando Buscar Paciente por email
[2024-05-23 21:31:01] [ INFO ] [PacienteDAOH2:120] iniciando la busqueda por email: german@german.com
[2024-05-23 21:31:26] [ WARN ] [BD:46] La cantidad de columnas no coincide
Column count does not match; SQL statement:
INSERT INTO PACIENTES (NOMBRE, APELLIDO, CEDULA, FECHA_INGRESO, DOMICILIO_ID, EMAIL) VALUES ('Jorgito','Pereyra','111111','2024-05-16', 1,'jorge.pereyra@digitalhouse.com',1), ('German','Fraire','22222','2024-05-10',2,'german@german.com',2); INSERT INTO DOMICILIOS  (CALLE, NUMERO, LOCALIDAD, PROVINCIA) VALUES ('Siempre Viva',742,'Springfield','USA'),('Av. Uruguay',345,'Punta del Este','Uruguay') [21002-214]
[2024-05-23 21:31:26] [ INFO ] [Cliente:16] Guardando un odontologo en H2
[2024-05-23 21:31:26] [ INFO ] [OdontologoDAOH2:20] Iniciando la operacion de guardado de un odontologo
[2024-05-23 21:31:26] [ INFO ] [OdontologoDAOH2:31] Odontologo guardado con éxito
[2024-05-23 21:31:26] [ INFO ] [Cliente:22] Iniciando Buscar Todos en H2
[2024-05-23 21:31:26] [ INFO ] [OdontologoDAOH2:43] Buscando todos los odontologos
[2024-05-23 21:31:26] [ INFO ] [OdontologoDAOH2:51] ID: 4 Nombre: Juan Apellido: Perez Matricula: 12345678
[2024-05-23 21:31:26] [ INFO ] [Cliente:25] Iniciando Buscar Paciente por email
[2024-05-23 21:31:26] [ INFO ] [PacienteDAOH2:120] iniciando la busqueda por email: german@german.com
[2024-05-23 21:32:13] [ INFO ] [PacienteDAOH2:120] iniciando la busqueda por email: german@german.com
[2024-05-23 21:32:13] [ ERROR] [PacienteDAOH2:141] Table "PACIENTES" not found (this database is empty); SQL statement:
SELECT * FROM PACIENTES WHERE EMAIL=? [42104-214]
[2024-05-23 21:40:49] [ WARN ] [BD:46] La cantidad de columnas no coincide
Column count does not match; SQL statement:
INSERT INTO PACIENTES (NOMBRE, APELLIDO, CEDULA, FECHA_INGRESO, DOMICILIO_ID, EMAIL) VALUES ('Jorgito','Pereyra','111111','2024-05-16', 1,'jorge.pereyra@digitalhouse.com',1), ('German','Fraire','22222','2024-05-10',2,'german@german.com',2); INSERT INTO DOMICILIOS  (CALLE, NUMERO, LOCALIDAD, PROVINCIA) VALUES ('Siempre Viva',742,'Springfield','USA'),('Av. Uruguay',345,'Punta del Este','Uruguay') [21002-214]
[2024-05-23 21:41:56] [ INFO ] [PacienteDAOH2:120] iniciando la busqueda por email: german@german.com
[2024-05-23 21:44:13] [ WARN ] [BD:54] La cantidad de columnas no coincide
Column count does not match; SQL statement:
INSERT INTO PACIENTES (NOMBRE, APELLIDO, CEDULA, FECHA_INGRESO, DOMICILIO_ID, EMAIL) VALUES ('Jorgito','Pereyra','111111','2024-05-16', 1,'jorge.pereyra@digitalhouse.com',1), ('German','Fraire','22222','2024-05-10',2,'german@german.com',2); INSERT INTO DOMICILIOS  (CALLE, NUMERO, LOCALIDAD, PROVINCIA) VALUES ('Siempre Viva',742,'Springfield','USA'),('Av. Uruguay',345,'Punta del Este','Uruguay') [21002-214]
[2024-05-23 21:44:26] [ INFO ] [PacienteDAOH2:120] iniciando la busqueda por email: german@german.com
[2024-05-23 21:45:22] [ INFO ] [PacienteDAOH2:120] iniciando la busqueda por email: german@german.com
[2024-05-23 21:46:40] [ INFO ] [BD:53] tabla creada con exito
[2024-05-23 21:46:51] [ INFO ] [PacienteDAOH2:120] iniciando la busqueda por email: german@german.com
[2024-05-23 21:46:51] [ INFO ] [DomicilioDAOH2:44] iniciando la busqueda de un domicilio con id: 2
[2024-05-23 21:55:19] [ INFO ] [BD:53] tabla creada con exito
[2024-05-23 21:56:54] [ INFO ] [BD:56] tabla creada con exito
[2024-05-23 21:58:00] [ INFO ] [BD:60] tabla creada con exito
[2024-05-23 21:59:15] [ INFO ] [BD:60] tabla creada con exito
[2024-05-23 21:59:47] [ INFO ] [BD:60] tabla creada con exito
[2024-05-23 22:07:06] [ INFO ] [BD:60] tabla creada con exito
[2024-05-23 22:07:13] [ INFO ] [OdontologoDAOH2:72] iniciando la busqueda por id: 1
[2024-05-23 22:12:09] [ INFO ] [PacienteDAOH2:120] iniciando la busqueda por email: german@german.com
[2024-05-23 22:12:09] [ INFO ] [DomicilioDAOH2:44] iniciando la busqueda de un domicilio con id: 2
[2024-05-23 22:12:09] [ INFO ] [OdontologoDAOH2:72] iniciando la busqueda por id: 2
[2024-05-23 22:15:13] [ INFO ] [PacienteDAOH2:120] iniciando la busqueda por email: german@german.com
[2024-05-23 22:15:13] [ INFO ] [DomicilioDAOH2:44] iniciando la busqueda de un domicilio con id: 2
[2024-05-23 22:15:13] [ INFO ] [OdontologoDAOH2:72] iniciando la busqueda por id: 2
[2024-05-23 22:15:16] [ INFO ] [PacienteDAOH2:120] iniciando la busqueda por email: german@german.com
[2024-05-23 22:15:16] [ INFO ] [DomicilioDAOH2:44] iniciando la busqueda de un domicilio con id: 2
[2024-05-23 22:15:16] [ INFO ] [OdontologoDAOH2:72] iniciando la busqueda por id: 2
[2024-05-23 22:15:26] [ INFO ] [BD:60] tabla creada con exito
[2024-05-23 22:15:29] [ INFO ] [PacienteDAOH2:120] iniciando la busqueda por email: german@german.com
[2024-05-23 22:15:29] [ INFO ] [DomicilioDAOH2:44] iniciando la busqueda de un domicilio con id: 2
[2024-05-23 22:15:29] [ INFO ] [OdontologoDAOH2:72] iniciando la busqueda por id: 2
[2024-05-23 22:17:02] [ INFO ] [PacienteDAOH2:120] iniciando la busqueda por email: german@german.com
[2024-05-23 22:17:02] [ INFO ] [DomicilioDAOH2:44] iniciando la busqueda de un domicilio con id: 2
[2024-05-23 22:17:02] [ INFO ] [OdontologoDAOH2:72] iniciando la busqueda por id: 2
[2024-05-28 18:30:57] [ INFO ] [BD:61] tabla creada con exito
[2024-05-28 18:42:25] [ INFO ] [BD:61] tabla creada con exito
[2024-05-28 18:44:23] [ INFO ] [BD:61] tabla creada con exito
[2024-05-28 18:48:03] [ INFO ] [BD:61] tabla creada con exito
[2024-05-28 18:51:48] [ INFO ] [BD:61] tabla creada con exito
[2024-05-28 19:01:10] [ INFO ] [BD:61] tabla creada con exito
[2024-05-28 19:08:06] [ INFO ] [BD:61] tabla creada con exito
[2024-05-28 19:40:16] [ INFO ] [BD:61] tabla creada con exito
[2024-05-28 19:40:35] [ INFO ] [BD:61] tabla creada con exito
[2024-05-28 19:40:39] [ INFO ] [BD:61] tabla creada con exito
[2024-05-28 19:41:53] [ INFO ] [PacienteDAOH2:55] iniciando la operacion de buscado de un paciente con id : 1
[2024-05-28 19:41:53] [ INFO ] [DomicilioDAOH2:44] iniciando la busqueda de un domicilio con id: 1
[2024-05-28 19:41:53] [ INFO ] [OdontologoDAOH2:72] iniciando la busqueda por id: 1
[2024-05-28 19:43:10] [ INFO ] [PacienteDAOH2:55] iniciando la operacion de buscado de un paciente con id : 2
[2024-05-28 19:43:10] [ INFO ] [DomicilioDAOH2:44] iniciando la busqueda de un domicilio con id: 2
[2024-05-28 19:43:10] [ INFO ] [OdontologoDAOH2:72] iniciando la busqueda por id: 2
[2024-05-28 19:57:28] [ INFO ] [BD:61] tabla creada con exito
[2024-05-28 19:57:35] [ INFO ] [PacienteDAOH2:56] iniciando la operacion de buscado de un paciente con id : 2
[2024-05-28 19:57:35] [ INFO ] [DomicilioDAOH2:44] iniciando la busqueda de un domicilio con id: 2
[2024-05-28 19:57:35] [ INFO ] [OdontologoDAOH2:72] iniciando la busqueda por id: 2
[2024-05-28 19:57:35] [ INFO ] [PacienteDAOH2:86] Iniciando las operaciones de eliminacion de un paciente con id : 2
[2024-05-28 19:57:35] [ INFO ] [PacienteDAOH2:93] Paciente eliminado con exito
[2024-05-28 19:57:42] [ INFO ] [PacienteDAOH2:56] iniciando la operacion de buscado de un paciente con id : 2
[2024-05-28 19:58:01] [ INFO ] [PacienteDAOH2:56] iniciando la operacion de buscado de un paciente con id : 1
[2024-05-28 19:58:01] [ INFO ] [DomicilioDAOH2:44] iniciando la busqueda de un domicilio con id: 1
[2024-05-28 19:58:01] [ INFO ] [OdontologoDAOH2:72] iniciando la busqueda por id: 1
[2024-05-28 20:25:14] [ INFO ] [BD:61] tabla creada con exito
[2024-05-28 20:25:48] [ INFO ] [PacienteDAOH2:126] iniciando las operaciones de busqueda:
[2024-05-28 20:25:48] [ INFO ] [DomicilioDAOH2:44] iniciando la busqueda de un domicilio con id: 1
[2024-05-28 20:25:48] [ INFO ] [OdontologoDAOH2:80] iniciando la busqueda por id: 1
[2024-05-28 20:25:48] [ INFO ] [DomicilioDAOH2:44] iniciando la busqueda de un domicilio con id: 2
[2024-05-28 20:25:48] [ INFO ] [OdontologoDAOH2:80] iniciando la busqueda por id: 2
[2024-05-28 20:29:50] [ INFO ] [PacienteDAOH2:126] iniciando las operaciones de busqueda:
[2024-05-28 20:29:50] [ INFO ] [DomicilioDAOH2:44] iniciando la busqueda de un domicilio con id: 1
[2024-05-28 20:29:50] [ INFO ] [OdontologoDAOH2:80] iniciando la busqueda por id: 1
[2024-05-28 20:29:50] [ INFO ] [DomicilioDAOH2:44] iniciando la busqueda de un domicilio con id: 2
[2024-05-28 20:29:50] [ INFO ] [OdontologoDAOH2:80] iniciando la busqueda por id: 2
[2024-05-28 20:30:03] [ INFO ] [PacienteDAOH2:126] iniciando las operaciones de busqueda:
[2024-05-28 20:30:03] [ INFO ] [DomicilioDAOH2:44] iniciando la busqueda de un domicilio con id: 1
[2024-05-28 20:30:03] [ INFO ] [OdontologoDAOH2:80] iniciando la busqueda por id: 1
[2024-05-28 20:30:03] [ INFO ] [DomicilioDAOH2:44] iniciando la busqueda de un domicilio con id: 2
[2024-05-28 20:30:03] [ INFO ] [OdontologoDAOH2:80] iniciando la busqueda por id: 2
[2024-05-28 20:31:17] [ INFO ] [PacienteDAOH2:126] iniciando las operaciones de busqueda:
[2024-05-28 20:31:17] [ INFO ] [DomicilioDAOH2:44] iniciando la busqueda de un domicilio con id: 1
[2024-05-28 20:31:17] [ INFO ] [OdontologoDAOH2:80] iniciando la busqueda por id: 1
[2024-05-28 20:31:17] [ INFO ] [DomicilioDAOH2:44] iniciando la busqueda de un domicilio con id: 2
[2024-05-28 20:31:17] [ INFO ] [OdontologoDAOH2:80] iniciando la busqueda por id: 2
[2024-05-28 20:31:59] [ INFO ] [PacienteDAOH2:126] iniciando las operaciones de busqueda:
[2024-05-28 20:31:59] [ INFO ] [DomicilioDAOH2:44] iniciando la busqueda de un domicilio con id: 1
[2024-05-28 20:31:59] [ INFO ] [OdontologoDAOH2:80] iniciando la busqueda por id: 1
[2024-05-28 20:31:59] [ INFO ] [DomicilioDAOH2:44] iniciando la busqueda de un domicilio con id: 2
[2024-05-28 20:31:59] [ INFO ] [OdontologoDAOH2:80] iniciando la busqueda por id: 2
[2024-05-28 20:32:09] [ INFO ] [PacienteDAOH2:126] iniciando las operaciones de busqueda:
[2024-05-28 20:32:09] [ INFO ] [DomicilioDAOH2:44] iniciando la busqueda de un domicilio con id: 1
[2024-05-28 20:32:09] [ INFO ] [OdontologoDAOH2:80] iniciando la busqueda por id: 1
[2024-05-28 20:32:09] [ INFO ] [DomicilioDAOH2:44] iniciando la busqueda de un domicilio con id: 2
[2024-05-28 20:32:09] [ INFO ] [OdontologoDAOH2:80] iniciando la busqueda por id: 2
[2024-05-28 20:35:20] [ INFO ] [BD:61] tabla creada con exito
[2024-05-28 20:35:39] [ INFO ] [PacienteDAOH2:128] iniciando las operaciones de busqueda:
[2024-05-28 20:35:39] [ INFO ] [DomicilioDAOH2:44] iniciando la busqueda de un domicilio con id: 1
[2024-05-28 20:35:39] [ INFO ] [OdontologoDAOH2:80] iniciando la busqueda por id: 1
[2024-05-28 20:35:39] [ INFO ] [DomicilioDAOH2:44] iniciando la busqueda de un domicilio con id: 2
[2024-05-28 20:35:39] [ INFO ] [OdontologoDAOH2:80] iniciando la busqueda por id: 2
[2024-05-28 20:41:37] [ INFO ] [PacienteDAOH2:128] iniciando las operaciones de busqueda:
[2024-05-28 20:41:37] [ INFO ] [DomicilioDAOH2:44] iniciando la busqueda de un domicilio con id: 1
[2024-05-28 20:41:37] [ INFO ] [OdontologoDAOH2:80] iniciando la busqueda por id: 1
[2024-05-28 20:41:37] [ INFO ] [DomicilioDAOH2:44] iniciando la busqueda de un domicilio con id: 2
[2024-05-28 20:41:37] [ INFO ] [OdontologoDAOH2:80] iniciando la busqueda por id: 2
[2024-05-28 20:41:43] [ INFO ] [PacienteDAOH2:128] iniciando las operaciones de busqueda:
[2024-05-28 20:41:43] [ INFO ] [DomicilioDAOH2:44] iniciando la busqueda de un domicilio con id: 1
[2024-05-28 20:41:43] [ INFO ] [OdontologoDAOH2:80] iniciando la busqueda por id: 1
[2024-05-28 20:41:43] [ INFO ] [DomicilioDAOH2:44] iniciando la busqueda de un domicilio con id: 2
[2024-05-28 20:41:43] [ INFO ] [OdontologoDAOH2:80] iniciando la busqueda por id: 2
[2024-05-28 20:46:15] [ INFO ] [BD:61] tabla creada con exito
[2024-05-28 20:48:50] [ INFO ] [BD:61] tabla creada con exito
[2024-05-28 20:50:00] [ INFO ] [BD:61] tabla creada con exito
[2024-05-28 20:50:08] [ INFO ] [PacienteDAOH2:26] inciando las operaciones de guardado
[2024-05-28 20:50:08] [ INFO ] [DomicilioDAOH2:19] iniciando las operaciones de guardado
[2024-05-28 20:50:08] [ INFO ] [DomicilioDAOH2:33] domicilio guardado
[2024-05-28 20:50:08] [ INFO ] [OdontologoDAOH2:25] Iniciando la operacion de guardado de un odontologo
[2024-05-28 20:50:08] [ INFO ] [OdontologoDAOH2:34] Odontologo guardado con éxito
[2024-05-28 20:50:08] [ ERROR] [PacienteDAOH2:51] Cannot invoke "java.lang.Integer.intValue()" because the return value of "BackEndC3.ClinicaOdontologica.model.Odontologo.getId()" is null
[2024-05-28 20:50:25] [ INFO ] [PacienteDAOH2:128] iniciando las operaciones de busqueda:
[2024-05-28 20:50:25] [ INFO ] [DomicilioDAOH2:44] iniciando la busqueda de un domicilio con id: 1
[2024-05-28 20:50:25] [ INFO ] [OdontologoDAOH2:80] iniciando la busqueda por id: 1
[2024-05-28 20:50:25] [ INFO ] [DomicilioDAOH2:44] iniciando la busqueda de un domicilio con id: 2
[2024-05-28 20:50:25] [ INFO ] [OdontologoDAOH2:80] iniciando la busqueda por id: 2
[2024-05-28 20:50:50] [ INFO ] [PacienteDAOH2:128] iniciando las operaciones de busqueda:
[2024-05-28 20:50:50] [ INFO ] [DomicilioDAOH2:44] iniciando la busqueda de un domicilio con id: 1
[2024-05-28 20:50:50] [ INFO ] [OdontologoDAOH2:80] iniciando la busqueda por id: 1
[2024-05-28 20:50:50] [ INFO ] [DomicilioDAOH2:44] iniciando la busqueda de un domicilio con id: 2
[2024-05-28 20:50:50] [ INFO ] [OdontologoDAOH2:80] iniciando la busqueda por id: 2
[2024-05-28 20:52:50] [ INFO ] [PacienteDAOH2:26] inciando las operaciones de guardado
[2024-05-28 20:52:50] [ INFO ] [DomicilioDAOH2:19] iniciando las operaciones de guardado
[2024-05-28 20:52:50] [ INFO ] [DomicilioDAOH2:33] domicilio guardado
[2024-05-28 20:52:50] [ INFO ] [OdontologoDAOH2:25] Iniciando la operacion de guardado de un odontologo
[2024-05-28 20:52:50] [ INFO ] [OdontologoDAOH2:34] Odontologo guardado con éxito
[2024-05-28 20:52:50] [ INFO ] [PacienteDAOH2:47] paciente guardado
[2024-05-28 20:53:07] [ INFO ] [PacienteDAOH2:128] iniciando las operaciones de busqueda:
[2024-05-28 20:53:07] [ INFO ] [DomicilioDAOH2:44] iniciando la busqueda de un domicilio con id: 1
[2024-05-28 20:53:07] [ INFO ] [OdontologoDAOH2:80] iniciando la busqueda por id: 1
[2024-05-28 20:53:07] [ INFO ] [DomicilioDAOH2:44] iniciando la busqueda de un domicilio con id: 2
[2024-05-28 20:53:07] [ INFO ] [OdontologoDAOH2:80] iniciando la busqueda por id: 2
[2024-05-28 20:53:07] [ INFO ] [DomicilioDAOH2:44] iniciando la busqueda de un domicilio con id: 4
[2024-05-28 20:53:07] [ INFO ] [OdontologoDAOH2:80] iniciando la busqueda por id: 3
[2024-05-28 20:57:46] [ INFO ] [BD:61] tabla creada con exito
[2024-05-28 20:58:39] [ INFO ] [PacienteDAOH2:26] inciando las operaciones de guardado
[2024-05-28 20:58:39] [ INFO ] [DomicilioDAOH2:19] iniciando las operaciones de guardado
[2024-05-28 20:58:39] [ INFO ] [DomicilioDAOH2:33] domicilio guardado
[2024-05-28 20:58:39] [ INFO ] [OdontologoDAOH2:25] Iniciando la operacion de guardado de un odontologo
[2024-05-28 20:58:39] [ INFO ] [OdontologoDAOH2:34] Odontologo guardado con éxito
[2024-05-28 20:58:39] [ ERROR] [PacienteDAOH2:51] Cannot invoke "java.lang.Integer.intValue()" because the return value of "BackEndC3.ClinicaOdontologica.model.Odontologo.getId()" is null
[2024-05-28 20:59:43] [ INFO ] [PacienteDAOH2:128] iniciando las operaciones de busqueda:
[2024-05-28 20:59:43] [ INFO ] [DomicilioDAOH2:44] iniciando la busqueda de un domicilio con id: 1
[2024-05-28 20:59:43] [ INFO ] [OdontologoDAOH2:80] iniciando la busqueda por id: 1
[2024-05-28 20:59:43] [ INFO ] [DomicilioDAOH2:44] iniciando la busqueda de un domicilio con id: 2
[2024-05-28 20:59:43] [ INFO ] [OdontologoDAOH2:80] iniciando la busqueda por id: 2
[2024-05-28 21:00:39] [ INFO ] [PacienteDAOH2:26] inciando las operaciones de guardado
[2024-05-28 21:00:39] [ INFO ] [DomicilioDAOH2:19] iniciando las operaciones de guardado
[2024-05-28 21:00:39] [ INFO ] [DomicilioDAOH2:33] domicilio guardado
[2024-05-28 21:00:39] [ INFO ] [OdontologoDAOH2:25] Iniciando la operacion de guardado de un odontologo
[2024-05-28 21:00:39] [ INFO ] [OdontologoDAOH2:34] Odontologo guardado con éxito
[2024-05-28 21:00:39] [ INFO ] [PacienteDAOH2:47] paciente guardado
[2024-05-28 21:00:51] [ INFO ] [PacienteDAOH2:128] iniciando las operaciones de busqueda:
[2024-05-28 21:00:51] [ INFO ] [DomicilioDAOH2:44] iniciando la busqueda de un domicilio con id: 1
[2024-05-28 21:00:51] [ INFO ] [OdontologoDAOH2:80] iniciando la busqueda por id: 1
[2024-05-28 21:00:51] [ INFO ] [DomicilioDAOH2:44] iniciando la busqueda de un domicilio con id: 2
[2024-05-28 21:00:51] [ INFO ] [OdontologoDAOH2:80] iniciando la busqueda por id: 2
[2024-05-28 21:00:51] [ INFO ] [DomicilioDAOH2:44] iniciando la busqueda de un domicilio con id: 4
[2024-05-28 21:00:51] [ INFO ] [OdontologoDAOH2:80] iniciando la busqueda por id: 3
[2024-05-29 19:24:07] [ INFO ] [BD:61] tabla creada con exito
[2024-05-29 19:24:20] [ INFO ] [PacienteDAOH2:26] inciando las operaciones de guardado
[2024-05-29 19:24:20] [ INFO ] [DomicilioDAOH2:19] iniciando las operaciones de guardado
[2024-05-29 19:24:20] [ INFO ] [DomicilioDAOH2:33] domicilio guardado
[2024-05-29 19:24:20] [ INFO ] [OdontologoDAOH2:25] Iniciando la operacion de guardado de un odontologo
[2024-05-29 19:24:20] [ INFO ] [OdontologoDAOH2:34] Odontologo guardado con éxito
[2024-05-29 19:24:20] [ ERROR] [PacienteDAOH2:51] Cannot invoke "java.lang.Integer.intValue()" because the return value of "BackEndC3.ClinicaOdontologica.model.Odontologo.getId()" is null
[2024-05-29 19:32:33] [ INFO ] [BD:61] tabla creada con exito
[2024-05-29 19:33:18] [ INFO ] [PacienteDAOH2:26] inciando las operaciones de guardado
[2024-05-29 19:33:18] [ INFO ] [DomicilioDAOH2:19] iniciando las operaciones de guardado
[2024-05-29 19:33:18] [ INFO ] [DomicilioDAOH2:33] domicilio guardado
[2024-05-29 19:33:18] [ INFO ] [OdontologoDAOH2:25] Iniciando la operacion de guardado de un odontologo
[2024-05-29 19:33:18] [ INFO ] [OdontologoDAOH2:34] Odontologo guardado con éxito
[2024-05-29 19:33:18] [ INFO ] [PacienteDAOH2:47] paciente guardado
[2024-05-29 19:49:49] [ INFO ] [BD:61] tabla creada con exito
[2024-05-29 19:51:00] [ INFO ] [PacienteDAOH2:26] Inciando las operaciones de guardado de un paciente
[2024-05-29 19:51:00] [ INFO ] [DomicilioDAOH2:19] Iniciando las operaciones de guardado de un domicilio
[2024-05-29 19:51:00] [ INFO ] [DomicilioDAOH2:33] domicilio guardado
[2024-05-29 19:51:00] [ INFO ] [OdontologoDAOH2:25] Iniciando la operacion de guardado de un odontologo
[2024-05-29 19:51:00] [ INFO ] [OdontologoDAOH2:34] Odontologo guardado con éxito
[2024-05-29 19:51:00] [ INFO ] [PacienteDAOH2:47] paciente guardado
[2024-05-29 19:51:20] [ INFO ] [PacienteDAOH2:26] Inciando las operaciones de guardado de un paciente
[2024-05-29 19:51:20] [ INFO ] [DomicilioDAOH2:19] Iniciando las operaciones de guardado de un domicilio
[2024-05-29 19:51:20] [ INFO ] [DomicilioDAOH2:33] domicilio guardado
[2024-05-29 19:51:20] [ INFO ] [OdontologoDAOH2:25] Iniciando la operacion de guardado de un odontologo
[2024-05-29 19:51:20] [ INFO ] [OdontologoDAOH2:34] Odontologo guardado con éxito
[2024-05-29 19:51:20] [ INFO ] [PacienteDAOH2:47] paciente guardado
[2024-05-29 19:52:17] [ INFO ] [PacienteDAOH2:26] Inciando las operaciones de guardado de un paciente
[2024-05-29 19:52:17] [ INFO ] [DomicilioDAOH2:19] Iniciando las operaciones de guardado de un domicilio
[2024-05-29 19:52:17] [ INFO ] [DomicilioDAOH2:33] domicilio guardado
[2024-05-29 19:52:17] [ INFO ] [OdontologoDAOH2:25] Iniciando la operacion de guardado de un odontologo
[2024-05-29 19:52:17] [ INFO ] [OdontologoDAOH2:34] Odontologo guardado con éxito
[2024-05-29 19:52:17] [ INFO ] [PacienteDAOH2:47] paciente guardado
[2024-05-29 19:52:35] [ INFO ] [PacienteDAOH2:128] iniciando las operaciones de busqueda:
[2024-05-29 19:52:35] [ INFO ] [DomicilioDAOH2:44] iniciando la busqueda de un domicilio con id: 1
[2024-05-29 19:52:35] [ INFO ] [OdontologoDAOH2:80] iniciando la busqueda por id: 1
[2024-05-29 19:52:35] [ INFO ] [DomicilioDAOH2:44] iniciando la busqueda de un domicilio con id: 2
[2024-05-29 19:52:35] [ INFO ] [OdontologoDAOH2:80] iniciando la busqueda por id: 2
[2024-05-29 19:52:35] [ INFO ] [DomicilioDAOH2:44] iniciando la busqueda de un domicilio con id: 3
[2024-05-29 19:52:35] [ INFO ] [OdontologoDAOH2:80] iniciando la busqueda por id: 3
[2024-05-29 19:52:35] [ INFO ] [DomicilioDAOH2:44] iniciando la busqueda de un domicilio con id: 4
[2024-05-29 19:52:35] [ INFO ] [OdontologoDAOH2:80] iniciando la busqueda por id: 4
[2024-05-29 19:52:35] [ INFO ] [DomicilioDAOH2:44] iniciando la busqueda de un domicilio con id: 5
[2024-05-29 19:52:35] [ INFO ] [OdontologoDAOH2:80] iniciando la busqueda por id: 5
[2024-05-29 19:53:07] [ INFO ] [PacienteDAOH2:58] iniciando la operacion de buscado de un paciente con id : 4
[2024-05-29 19:53:07] [ INFO ] [DomicilioDAOH2:44] iniciando la busqueda de un domicilio con id: 4
[2024-05-29 19:53:07] [ INFO ] [OdontologoDAOH2:80] iniciando la busqueda por id: 4
[2024-05-29 19:53:07] [ WARN ] [PacienteDAOH2:104] iniciando las operaciones de actualizacion de un paciente con id : 4
[2024-05-29 19:53:07] [ ERROR] [PacienteDAOH2:122] Columna "ODONTOLOO_ID" no encontrada
Column "ODONTOLOO_ID" not found; SQL statement:
UPDATE PACIENTES SET NOMBRE=?, APELLIDO=?, CEDULA=?, FECHA_INGRESO=?, DOMICILIO_ID=?, EMAIL=?, ODONTOLOO_ID=? WHERE ID=? [42122-214]
[2024-05-29 19:53:13] [ INFO ] [PacienteDAOH2:128] iniciando las operaciones de busqueda:
[2024-05-29 19:53:13] [ INFO ] [DomicilioDAOH2:44] iniciando la busqueda de un domicilio con id: 1
[2024-05-29 19:53:13] [ INFO ] [OdontologoDAOH2:80] iniciando la busqueda por id: 1
[2024-05-29 19:53:13] [ INFO ] [DomicilioDAOH2:44] iniciando la busqueda de un domicilio con id: 2
[2024-05-29 19:53:13] [ INFO ] [OdontologoDAOH2:80] iniciando la busqueda por id: 2
[2024-05-29 19:53:13] [ INFO ] [DomicilioDAOH2:44] iniciando la busqueda de un domicilio con id: 3
[2024-05-29 19:53:13] [ INFO ] [OdontologoDAOH2:80] iniciando la busqueda por id: 3
[2024-05-29 19:53:13] [ INFO ] [DomicilioDAOH2:44] iniciando la busqueda de un domicilio con id: 4
[2024-05-29 19:53:13] [ INFO ] [OdontologoDAOH2:80] iniciando la busqueda por id: 4
[2024-05-29 19:53:13] [ INFO ] [DomicilioDAOH2:44] iniciando la busqueda de un domicilio con id: 5
[2024-05-29 19:53:13] [ INFO ] [OdontologoDAOH2:80] iniciando la busqueda por id: 5
[2024-05-29 19:53:35] [ INFO ] [PacienteDAOH2:58] iniciando la operacion de buscado de un paciente con id : 5
[2024-05-29 19:53:35] [ INFO ] [DomicilioDAOH2:44] iniciando la busqueda de un domicilio con id: 5
[2024-05-29 19:53:35] [ INFO ] [OdontologoDAOH2:80] iniciando la busqueda por id: 5
[2024-05-29 19:53:35] [ INFO ] [PacienteDAOH2:88] Iniciando las operaciones de eliminacion de un paciente con id : 5
[2024-05-29 19:53:35] [ INFO ] [PacienteDAOH2:95] Paciente eliminado con exito
[2024-05-29 19:53:40] [ INFO ] [PacienteDAOH2:128] iniciando las operaciones de busqueda:
[2024-05-29 19:53:40] [ INFO ] [DomicilioDAOH2:44] iniciando la busqueda de un domicilio con id: 1
[2024-05-29 19:53:40] [ INFO ] [OdontologoDAOH2:80] iniciando la busqueda por id: 1
[2024-05-29 19:53:40] [ INFO ] [DomicilioDAOH2:44] iniciando la busqueda de un domicilio con id: 2
[2024-05-29 19:53:40] [ INFO ] [OdontologoDAOH2:80] iniciando la busqueda por id: 2
[2024-05-29 19:53:40] [ INFO ] [DomicilioDAOH2:44] iniciando la busqueda de un domicilio con id: 3
[2024-05-29 19:53:40] [ INFO ] [OdontologoDAOH2:80] iniciando la busqueda por id: 3
[2024-05-29 19:53:40] [ INFO ] [DomicilioDAOH2:44] iniciando la busqueda de un domicilio con id: 4
[2024-05-29 19:53:40] [ INFO ] [OdontologoDAOH2:80] iniciando la busqueda por id: 4
[2024-05-29 19:54:01] [ INFO ] [PacienteDAOH2:58] iniciando la operacion de buscado de un paciente con id : 4
[2024-05-29 19:54:01] [ INFO ] [DomicilioDAOH2:44] iniciando la busqueda de un domicilio con id: 4
[2024-05-29 19:54:01] [ INFO ] [OdontologoDAOH2:80] iniciando la busqueda por id: 4
[2024-05-29 19:54:01] [ WARN ] [PacienteDAOH2:104] iniciando las operaciones de actualizacion de un paciente con id : 4
[2024-05-29 19:54:01] [ ERROR] [PacienteDAOH2:122] Columna "ODONTOLOO_ID" no encontrada
Column "ODONTOLOO_ID" not found; SQL statement:
UPDATE PACIENTES SET NOMBRE=?, APELLIDO=?, CEDULA=?, FECHA_INGRESO=?, DOMICILIO_ID=?, EMAIL=?, ODONTOLOO_ID=? WHERE ID=? [42122-214]
[2024-05-29 19:54:06] [ INFO ] [PacienteDAOH2:128] iniciando las operaciones de busqueda:
[2024-05-29 19:54:06] [ INFO ] [DomicilioDAOH2:44] iniciando la busqueda de un domicilio con id: 1
[2024-05-29 19:54:06] [ INFO ] [OdontologoDAOH2:80] iniciando la busqueda por id: 1
[2024-05-29 19:54:06] [ INFO ] [DomicilioDAOH2:44] iniciando la busqueda de un domicilio con id: 2
[2024-05-29 19:54:06] [ INFO ] [OdontologoDAOH2:80] iniciando la busqueda por id: 2
[2024-05-29 19:54:06] [ INFO ] [DomicilioDAOH2:44] iniciando la busqueda de un domicilio con id: 3
[2024-05-29 19:54:06] [ INFO ] [OdontologoDAOH2:80] iniciando la busqueda por id: 3
[2024-05-29 19:54:06] [ INFO ] [DomicilioDAOH2:44] iniciando la busqueda de un domicilio con id: 4
[2024-05-29 19:54:06] [ INFO ] [OdontologoDAOH2:80] iniciando la busqueda por id: 4
[2024-05-29 19:57:39] [ INFO ] [BD:61] tabla creada con exito
[2024-05-29 19:57:57] [ INFO ] [PacienteDAOH2:26] Inciando las operaciones de guardado de un paciente
[2024-05-29 19:57:57] [ INFO ] [DomicilioDAOH2:19] Iniciando las operaciones de guardado de un domicilio
[2024-05-29 19:57:57] [ INFO ] [DomicilioDAOH2:33] domicilio guardado
[2024-05-29 19:57:57] [ INFO ] [OdontologoDAOH2:25] Iniciando la operacion de guardado de un odontologo
[2024-05-29 19:57:57] [ INFO ] [OdontologoDAOH2:34] Odontologo guardado con éxito
[2024-05-29 19:57:57] [ INFO ] [PacienteDAOH2:47] paciente guardado
[2024-05-29 19:58:01] [ INFO ] [PacienteDAOH2:128] iniciando las operaciones de busqueda:
[2024-05-29 19:58:01] [ INFO ] [DomicilioDAOH2:44] iniciando la busqueda de un domicilio con id: 1
[2024-05-29 19:58:01] [ INFO ] [OdontologoDAOH2:80] iniciando la busqueda por id: 1
[2024-05-29 19:58:01] [ INFO ] [DomicilioDAOH2:44] iniciando la busqueda de un domicilio con id: 2
[2024-05-29 19:58:01] [ INFO ] [OdontologoDAOH2:80] iniciando la busqueda por id: 2
[2024-05-29 19:58:01] [ INFO ] [DomicilioDAOH2:44] iniciando la busqueda de un domicilio con id: 3
[2024-05-29 19:58:01] [ INFO ] [OdontologoDAOH2:80] iniciando la busqueda por id: 3
[2024-05-29 19:58:23] [ INFO ] [PacienteDAOH2:58] iniciando la operacion de buscado de un paciente con id : 3
[2024-05-29 19:58:23] [ INFO ] [DomicilioDAOH2:44] iniciando la busqueda de un domicilio con id: 3
[2024-05-29 19:58:23] [ INFO ] [OdontologoDAOH2:80] iniciando la busqueda por id: 3
[2024-05-29 19:58:23] [ WARN ] [PacienteDAOH2:104] iniciando las operaciones de actualizacion de un paciente con id : 3
[2024-05-29 19:58:27] [ INFO ] [PacienteDAOH2:128] iniciando las operaciones de busqueda:
[2024-05-29 19:58:27] [ INFO ] [DomicilioDAOH2:44] iniciando la busqueda de un domicilio con id: 1
[2024-05-29 19:58:27] [ INFO ] [OdontologoDAOH2:80] iniciando la busqueda por id: 1
[2024-05-29 19:58:27] [ INFO ] [DomicilioDAOH2:44] iniciando la busqueda de un domicilio con id: 2
[2024-05-29 19:58:27] [ INFO ] [OdontologoDAOH2:80] iniciando la busqueda por id: 2
[2024-05-29 19:58:27] [ INFO ] [DomicilioDAOH2:44] iniciando la busqueda de un domicilio con id: 3
[2024-05-29 19:58:27] [ INFO ] [OdontologoDAOH2:80] iniciando la busqueda por id: 3
[2024-05-29 21:07:28] [ INFO ] [BD:61] tabla creada con exito
[2024-05-29 21:08:41] [ INFO ] [OdontologoDAOH2:82] iniciando la busqueda por id: 1
[2024-05-29 21:08:47] [ INFO ] [OdontologoDAOH2:82] iniciando la busqueda por id: 2
[2024-05-29 21:11:26] [ INFO ] [BD:61] tabla creada con exito
[2024-05-29 21:11:32] [ INFO ] [OdontologoDAOH2:24] Iniciando la operacion de guardado de un odontologo
[2024-05-29 21:11:32] [ INFO ] [OdontologoDAOH2:33] Odontologo guardado con éxito
[2024-05-29 21:14:15] [ INFO ] [BD:61] tabla creada con exito
[2024-05-29 21:14:22] [ INFO ] [OdontologoDAOH2:24] Iniciando la operacion de guardado de un odontologo
[2024-05-29 21:14:22] [ INFO ] [OdontologoDAOH2:33] Odontologo guardado con éxito
[2024-05-29 21:15:51] [ INFO ] [OdontologoDAOH2:52] Buscando todos los odontologos
[2024-05-29 21:15:51] [ INFO ] [OdontologoDAOH2:61] Buscando odontologos
[2024-05-29 21:15:51] [ INFO ] [OdontologoDAOH2:61] Buscando odontologos
[2024-05-29 21:15:51] [ INFO ] [OdontologoDAOH2:61] Buscando odontologos
[2024-05-29 21:17:14] [ INFO ] [OdontologoDAOH2:52] Buscando todos los odontologos
[2024-05-29 21:17:14] [ INFO ] [OdontologoDAOH2:61] Buscando odontologos
[2024-05-29 21:17:14] [ INFO ] [OdontologoDAOH2:61] Buscando odontologos
[2024-05-29 21:17:14] [ INFO ] [OdontologoDAOH2:61] Buscando odontologos
[2024-05-29 21:17:27] [ INFO ] [OdontologoDAOH2:52] Buscando todos los odontologos
[2024-05-29 21:17:27] [ INFO ] [OdontologoDAOH2:61] Buscando odontologos
[2024-05-29 21:17:27] [ INFO ] [OdontologoDAOH2:61] Buscando odontologos
[2024-05-29 21:17:27] [ INFO ] [OdontologoDAOH2:61] Buscando odontologos
[2024-05-29 21:17:41] [ INFO ] [OdontologoDAOH2:52] Buscando todos los odontologos
[2024-05-29 21:17:41] [ INFO ] [OdontologoDAOH2:61] Buscando odontologos
[2024-05-29 21:17:41] [ INFO ] [OdontologoDAOH2:61] Buscando odontologos
[2024-05-29 21:17:41] [ INFO ] [OdontologoDAOH2:61] Buscando odontologos
[2024-05-29 21:18:18] [ INFO ] [OdontologoDAOH2:82] iniciando la busqueda por id: 3
[2024-05-29 21:18:18] [ WARN ] [OdontologoDAOH2:120] Iniciando las operaciones de actualizacion de un paciente con id : 3
[2024-05-29 21:18:23] [ INFO ] [OdontologoDAOH2:52] Buscando todos los odontologos
[2024-05-29 21:18:23] [ INFO ] [OdontologoDAOH2:61] Buscando odontologos
[2024-05-29 21:18:23] [ INFO ] [OdontologoDAOH2:61] Buscando odontologos
[2024-05-29 21:18:23] [ INFO ] [OdontologoDAOH2:61] Buscando odontologos
[2024-05-29 21:19:43] [ INFO ] [OdontologoDAOH2:82] iniciando la busqueda por id: 2
[2024-05-29 21:19:43] [ INFO ] [OdontologoDAOH2:104] Iniciando las operaciones de eliminacion de un odontologo con id : 2
[2024-05-29 21:19:43] [ INFO ] [OdontologoDAOH2:111] Odontologo eliminado con exito
[2024-05-29 21:19:54] [ INFO ] [OdontologoDAOH2:52] Buscando todos los odontologos
[2024-05-29 21:19:54] [ INFO ] [OdontologoDAOH2:61] Buscando odontologos
[2024-05-29 21:19:54] [ INFO ] [OdontologoDAOH2:61] Buscando odontologos
